[15:10:00] [main/INFO]: Logging in with username & password
[15:10:07] [Client thread/INFO]: Setting user: Bluewolf279
[15:10:11] [Client thread/INFO]: LWJGL Version: 2.9.1
[15:10:19] [Client thread/INFO]: Reloading ResourceManager: Default, FMLFileResourcePack:Forge Mod Loader, FMLFileResourcePack:Minecraft Forge, FMLFileResourcePack:aos Mod
[15:10:20] [Sound Library Loader/INFO]: Starting up SoundSystem...
[15:10:20] [Thread-9/INFO]: Initializing LWJGL OpenAL
[15:10:20] [Thread-9/INFO]: (The LWJGL binding of OpenAL.  For more information, see http://www.lwjgl.org)
[15:10:20] [Thread-9/INFO]: OpenAL initialized.
[15:10:20] [Sound Library Loader/INFO]: Sound engine started
[15:10:25] [Client thread/INFO]: Created: 512x512 textures-atlas
[15:10:27] [Client thread/INFO]: Reloading ResourceManager: Default, FMLFileResourcePack:Forge Mod Loader, FMLFileResourcePack:Minecraft Forge, FMLFileResourcePack:aos Mod
[15:10:27] [Client thread/INFO]: SoundSystem shutting down...
[15:10:27] [Client thread/WARN]: Author: Paul Lamb, www.paulscode.com
[15:10:27] [Sound Library Loader/INFO]: Starting up SoundSystem...
[15:10:27] [Thread-11/INFO]: Initializing LWJGL OpenAL
[15:10:27] [Thread-11/INFO]: (The LWJGL binding of OpenAL.  For more information, see http://www.lwjgl.org)
[15:10:27] [Thread-11/INFO]: OpenAL initialized.
[15:10:28] [Sound Library Loader/INFO]: Sound engine started
[15:10:30] [Client thread/INFO]: Created: 512x512 textures-atlas
[15:10:39] [Server thread/INFO]: Starting integrated minecraft server version 1.8
[15:10:39] [Server thread/INFO]: Generating keypair
[15:10:40] [Server thread/INFO]: Preparing start region for level 0
[15:10:41] [Server thread/INFO]: Preparing spawn area: 26%
[15:10:42] [Server thread/INFO]: Changing view distance to 12, from 10
[15:10:43] [Server thread/INFO]: Bluewolf279[local:E:e8109795] logged in with entity id 365 at (222.8954277435727, 81.73935645710188, 245.73859426377243)
[15:10:44] [Server thread/INFO]: Bluewolf279 joined the game
[15:10:54] [Server thread/INFO]: Saving and pausing game...
[15:10:54] [Server thread/INFO]: Saving chunks for level 'New World'/Overworld
[15:10:55] [Server thread/INFO]: Saving chunks for level 'New World'/Nether
[15:10:55] [Server thread/INFO]: Saving chunks for level 'New World'/The End
[15:10:55] [Server thread/INFO]: Stopping server
[15:10:55] [Server thread/INFO]: Saving players
[15:10:55] [Server thread/INFO]: Saving worlds
[15:10:55] [Server thread/INFO]: Saving chunks for level 'New World'/Overworld
[15:10:55] [Server thread/INFO]: Saving chunks for level 'New World'/Nether
[15:10:55] [Server thread/INFO]: Saving chunks for level 'New World'/The End
[15:10:58] [Client thread/INFO]: Stopping!
[15:10:58] [Client thread/INFO]: SoundSystem shutting down...
[15:10:58] [Client thread/WARN]: Author: Paul Lamb, www.paulscode.com
